<?xml version="1.0" encoding="UTF-8"?>
<!-- Generated by org.testng.reporters.JUnitXMLReporter -->
<testsuite ignored="0" hostname="DESKTOP-0BTK021" failures="0" tests="6" name="Default test" time="13.254" errors="0" timestamp="2023-07-31T17:30:16 IST">
  <testcase classname="apitest.DDTesting" name="testpostuser" time="3.875"/>
  <testcase classname="apitest.DDTesting" name="testpostuser" time="1.211"/>
  <testcase classname="apitest.DDTesting" name="testpostuser" time="1.234"/>
  <testcase classname="apitest.DDTesting" name="getuser" time="1.334"/>
  <testcase classname="apitest.DDTesting" name="getuser" time="1.316"/>
  <testcase classname="apitest.DDTesting" name="getuser" time="1.225"/>
</testsuite> <!-- Default test -->
