<?xml version="1.0" encoding="UTF-8"?>
<!-- Generated by org.testng.reporters.JUnitXMLReporter -->
<testsuite ignored="0" hostname="DESKTOP-0BTK021" failures="0" tests="11" name="Test" time="20.976" errors="0" timestamp="2023-08-01T11:07:48 IST">
  <testcase classname="apitest.Usertest" name="postTestcase" time="4.578"/>
  <testcase classname="apitest.Usertest" name="gettestcase" time="1.278"/>
  <testcase classname="apitest.Usertest" name="puttestcase" time="1.276"/>
  <testcase classname="apitest.Usertest" name="getingupdateddata" time="1.236"/>
  <testcase classname="apitest.Usertest" name="daletetestcase" time="1.205"/>
  <testcase classname="apitest.DDTesting" name="testpostuser" time="1.261"/>
  <testcase classname="apitest.DDTesting" name="testpostuser" time="1.226"/>
  <testcase classname="apitest.DDTesting" name="testpostuser" time="1.207"/>
  <testcase classname="apitest.DDTesting" name="getuser" time="1.245"/>
  <testcase classname="apitest.DDTesting" name="getuser" time="1.154"/>
  <testcase classname="apitest.DDTesting" name="getuser" time="1.316"/>
</testsuite> <!-- Test -->
