<?xml version="1.0" encoding="UTF-8"?>
<!-- Generated by org.testng.reporters.JUnitXMLReporter -->
<testsuite ignored="0" hostname="DESKTOP-0BTK021" failures="0" tests="11" name="Test" time="32.549" errors="0" timestamp="2023-08-01T14:57:53 IST">
  <testcase classname="apitest.Usertest" name="postTestcase" time="9.366"/>
  <testcase classname="apitest.Usertest" name="gettestcase" time="1.398"/>
  <testcase classname="apitest.Usertest" name="puttestcase" time="1.231"/>
  <testcase classname="apitest.Usertest" name="getingupdateddata" time="1.232"/>
  <testcase classname="apitest.Usertest" name="daletetestcase" time="1.185"/>
  <testcase classname="apitest.DDTesting" name="testpostuser" time="1.22"/>
  <testcase classname="apitest.DDTesting" name="testpostuser" time="1.149"/>
  <testcase classname="apitest.DDTesting" name="testpostuser" time="1.184"/>
  <testcase classname="apitest.DDTesting" name="getuser" time="1.158"/>
  <testcase classname="apitest.DDTesting" name="getuser" time="1.18"/>
  <testcase classname="apitest.DDTesting" name="getuser" time="1.205"/>
</testsuite> <!-- Test -->
