<?xml version="1.0" encoding="UTF-8"?>
<testng-results ignored="0" total="11" passed="11" failed="0" skipped="0">
  <reporter-output>
  </reporter-output>
  <suite started-at="2023-08-01T14:57:19 IST" name="Suite" finished-at="2023-08-01T14:57:51 IST" duration-ms="32549">
    <groups>
    </groups>
    <test started-at="2023-08-01T14:57:19 IST" name="Test" finished-at="2023-08-01T14:57:51 IST" duration-ms="32549">
      <class name="apitest.DDTesting">
        <test-method signature="testpostuser(java.lang.String,java.lang.String,java.lang.String,java.lang.String,java.lang.String,java.lang.String,java.lang.String)[pri:1, instance:apitest.DDTesting@49049a04]" started-at="2023-08-01T14:57:44 IST" name="testpostuser" data-provider="Data" finished-at="2023-08-01T14:57:45 IST" duration-ms="1220" status="PASS">
          <params>
            <param index="0">
              <value>
                <![CDATA[1010]]>
              </value>
            </param>
            <param index="1">
              <value>
                <![CDATA[testuser1]]>
              </value>
            </param>
            <param index="2">
              <value>
                <![CDATA[John]]>
              </value>
            </param>
            <param index="3">
              <value>
                <![CDATA[Canedy]]>
              </value>
            </param>
            <param index="4">
              <value>
                <![CDATA[a@gmail.com]]>
              </value>
            </param>
            <param index="5">
              <value>
                <![CDATA[test@1]]>
              </value>
            </param>
            <param index="6">
              <value>
                <![CDATA[1234567897]]>
              </value>
            </param>
          </params>
          <reporter-output>
          </reporter-output>
        </test-method> <!-- testpostuser -->
        <test-method signature="testpostuser(java.lang.String,java.lang.String,java.lang.String,java.lang.String,java.lang.String,java.lang.String,java.lang.String)[pri:1, instance:apitest.DDTesting@49049a04]" started-at="2023-08-01T14:57:45 IST" name="testpostuser" data-provider="Data" finished-at="2023-08-01T14:57:46 IST" duration-ms="1149" status="PASS">
          <params>
            <param index="0">
              <value>
                <![CDATA[1020]]>
              </value>
            </param>
            <param index="1">
              <value>
                <![CDATA[testuser2]]>
              </value>
            </param>
            <param index="2">
              <value>
                <![CDATA[Kim]]>
              </value>
            </param>
            <param index="3">
              <value>
                <![CDATA[Kom]]>
              </value>
            </param>
            <param index="4">
              <value>
                <![CDATA[b@gmail.com]]>
              </value>
            </param>
            <param index="5">
              <value>
                <![CDATA[test@2]]>
              </value>
            </param>
            <param index="6">
              <value>
                <![CDATA[1234567897]]>
              </value>
            </param>
          </params>
          <reporter-output>
          </reporter-output>
        </test-method> <!-- testpostuser -->
        <test-method signature="testpostuser(java.lang.String,java.lang.String,java.lang.String,java.lang.String,java.lang.String,java.lang.String,java.lang.String)[pri:1, instance:apitest.DDTesting@49049a04]" started-at="2023-08-01T14:57:46 IST" name="testpostuser" data-provider="Data" finished-at="2023-08-01T14:57:47 IST" duration-ms="1184" status="PASS">
          <params>
            <param index="0">
              <value>
                <![CDATA[1030]]>
              </value>
            </param>
            <param index="1">
              <value>
                <![CDATA[testuser3]]>
              </value>
            </param>
            <param index="2">
              <value>
                <![CDATA[Smith]]>
              </value>
            </param>
            <param index="3">
              <value>
                <![CDATA[Steve]]>
              </value>
            </param>
            <param index="4">
              <value>
                <![CDATA[c@gmail.com]]>
              </value>
            </param>
            <param index="5">
              <value>
                <![CDATA[test@3]]>
              </value>
            </param>
            <param index="6">
              <value>
                <![CDATA[1234567897]]>
              </value>
            </param>
          </params>
          <reporter-output>
          </reporter-output>
        </test-method> <!-- testpostuser -->
        <test-method signature="getuser(java.lang.String)[pri:2, instance:apitest.DDTesting@49049a04]" started-at="2023-08-01T14:57:48 IST" name="getuser" data-provider="UserNames" finished-at="2023-08-01T14:57:49 IST" duration-ms="1158" status="PASS">
          <params>
            <param index="0">
              <value>
                <![CDATA[testuser1]]>
              </value>
            </param>
          </params>
          <reporter-output>
          </reporter-output>
        </test-method> <!-- getuser -->
        <test-method signature="getuser(java.lang.String)[pri:2, instance:apitest.DDTesting@49049a04]" started-at="2023-08-01T14:57:49 IST" name="getuser" data-provider="UserNames" finished-at="2023-08-01T14:57:50 IST" duration-ms="1180" status="PASS">
          <params>
            <param index="0">
              <value>
                <![CDATA[testuser2]]>
              </value>
            </param>
          </params>
          <reporter-output>
          </reporter-output>
        </test-method> <!-- getuser -->
        <test-method signature="getuser(java.lang.String)[pri:2, instance:apitest.DDTesting@49049a04]" started-at="2023-08-01T14:57:50 IST" name="getuser" data-provider="UserNames" finished-at="2023-08-01T14:57:51 IST" duration-ms="1205" status="PASS">
          <params>
            <param index="0">
              <value>
                <![CDATA[testuser3]]>
              </value>
            </param>
          </params>
          <reporter-output>
          </reporter-output>
        </test-method> <!-- getuser -->
      </class> <!-- apitest.DDTesting -->
      <class name="apitest.Usertest">
        <test-method is-config="true" signature="setupdata()[pri:0, instance:apitest.Usertest@7bab3f1a]" started-at="2023-08-01T14:57:20 IST" name="setupdata" finished-at="2023-08-01T14:57:21 IST" duration-ms="952" status="PASS">
          <reporter-output>
          </reporter-output>
        </test-method> <!-- setupdata -->
        <test-method signature="postTestcase()[pri:1, instance:apitest.Usertest@7bab3f1a]" started-at="2023-08-01T14:57:21 IST" name="postTestcase" finished-at="2023-08-01T14:57:31 IST" duration-ms="9366" status="PASS">
          <reporter-output>
          </reporter-output>
        </test-method> <!-- postTestcase -->
        <test-method signature="gettestcase()[pri:2, instance:apitest.Usertest@7bab3f1a]" started-at="2023-08-01T14:57:31 IST" name="gettestcase" finished-at="2023-08-01T14:57:32 IST" duration-ms="1398" status="PASS">
          <reporter-output>
          </reporter-output>
        </test-method> <!-- gettestcase -->
        <test-method signature="puttestcase()[pri:3, instance:apitest.Usertest@7bab3f1a]" started-at="2023-08-01T14:57:32 IST" name="puttestcase" finished-at="2023-08-01T14:57:33 IST" duration-ms="1231" status="PASS">
          <reporter-output>
          </reporter-output>
        </test-method> <!-- puttestcase -->
        <test-method signature="getingupdateddata()[pri:4, instance:apitest.Usertest@7bab3f1a]" started-at="2023-08-01T14:57:33 IST" name="getingupdateddata" finished-at="2023-08-01T14:57:35 IST" duration-ms="1232" status="PASS">
          <reporter-output>
          </reporter-output>
        </test-method> <!-- getingupdateddata -->
        <test-method signature="daletetestcase()[pri:5, instance:apitest.Usertest@7bab3f1a]" started-at="2023-08-01T14:57:35 IST" name="daletetestcase" finished-at="2023-08-01T14:57:36 IST" duration-ms="1185" status="PASS">
          <reporter-output>
          </reporter-output>
        </test-method> <!-- daletetestcase -->
      </class> <!-- apitest.Usertest -->
    </test> <!-- Test -->
  </suite> <!-- Suite -->
</testng-results>
