<?xml version="1.0" encoding="UTF-8"?>
<testsuite xmlns:xsi="http://www.w3.org/2001/XMLSchema-instance" xsi:noNamespaceSchemaLocation="https://maven.apache.org/surefire/maven-surefire-plugin/xsd/surefire-test-report-3.0.xsd" version="3.0" name="TestSuite" time="36.295" tests="11" errors="0" skipped="0" failures="0">
  <properties>
[...]
</properties>
  <testcase name="postTestcase" classname="apitest.Usertest" time="9.427">
    <system-out><![CDATA[HTTP/1.1 200 OK
Date: Tue, 01 Aug 2023 09:27:30 GMT
Content-Type: application/json
Transfer-Encoding: chunked
Connection: keep-alive
Access-Control-Allow-Origin: *
Access-Control-Allow-Methods: GET, POST, DELETE, PUT
Access-Control-Allow-Headers: Content-Type, api_key, Authorization
Server: Jetty(9.2.9.v20150224)

{
    "code": 200,
    "type": "unknown",
    "message": "1912850431"
}
]]></system-out>
    <system-err><![CDATA[SLF4J: Failed to load class "org.slf4j.impl.StaticLoggerBinder".
SLF4J: Defaulting to no-operation (NOP) logger implementation
SLF4J: See http://www.slf4j.org/codes.html#StaticLoggerBinder for further details.
]]></system-err>
  </testcase>
  <testcase name="gettestcase" classname="apitest.Usertest" time="1.411">
    <system-out><![CDATA[printing the get response
HTTP/1.1 200 OK
Date: Tue, 01 Aug 2023 09:27:32 GMT
Content-Type: application/json
Transfer-Encoding: chunked
Connection: keep-alive
Access-Control-Allow-Origin: *
Access-Control-Allow-Methods: GET, POST, DELETE, PUT
Access-Control-Allow-Headers: Content-Type, api_key, Authorization
Server: Jetty(9.2.9.v20150224)

{
    "id": 1912850431,
    "username": "renato.boyer",
    "firstName": "Tara",
    "lastName": "Koch",
    "email": "yolande.kemmer@yahoo.com",
    "password": "iy5v94",
    "phone": "166.834.3603",
    "userStatus": 0
}
]]></system-out>
  </testcase>
  <testcase name="puttestcase" classname="apitest.Usertest" time="1.23">
    <system-out><![CDATA[printing the putresponse/n
{
    "code": 200,
    "type": "unknown",
    "message": "1912850431"
}
]]></system-out>
  </testcase>
  <testcase name="getingupdateddata" classname="apitest.Usertest" time="1.251">
    <system-out><![CDATA[printing updatd user _______________________________________
HTTP/1.1 200 OK
Date: Tue, 01 Aug 2023 09:27:34 GMT
Content-Type: application/json
Transfer-Encoding: chunked
Connection: keep-alive
Access-Control-Allow-Origin: *
Access-Control-Allow-Methods: GET, POST, DELETE, PUT
Access-Control-Allow-Headers: Content-Type, api_key, Authorization
Server: Jetty(9.2.9.v20150224)

{
    "id": 1912850431,
    "username": "renato.boyer",
    "firstName": "Rogelio",
    "lastName": "Flatley",
    "email": "shakia.donnelly@gmail.com",
    "password": "iy5v94",
    "phone": "166.834.3603",
    "userStatus": 0
}
]]></system-out>
  </testcase>
  <testcase name="daletetestcase" classname="apitest.Usertest" time="1.171">
    <system-out><![CDATA[delete response*************
HTTP/1.1 200 OK
Date: Tue, 01 Aug 2023 09:27:36 GMT
Content-Type: application/json
Transfer-Encoding: chunked
Connection: keep-alive
Access-Control-Allow-Origin: *
Access-Control-Allow-Methods: GET, POST, DELETE, PUT
Access-Control-Allow-Headers: Content-Type, api_key, Authorization
Server: Jetty(9.2.9.v20150224)

{
    "code": 200,
    "type": "unknown",
    "message": "renato.boyer"
}
]]></system-out>
  </testcase>
  <testcase name="testpostuser[1010, testuser1, John, Canedy, a@gmail.com, test@1, 1234567897](1)" classname="apitest.DDTesting" time="1.221"/>
  <testcase name="testpostuser[1020, testuser2, Kim, Kom, b@gmail.com, test@2, 1234567897](2)" classname="apitest.DDTesting" time="1.149"/>
  <testcase name="testpostuser[1030, testuser3, Smith, Steve, c@gmail.com, test@3, 1234567897](3)" classname="apitest.DDTesting" time="1.185"/>
  <testcase name="getuser[testuser1](1)" classname="apitest.DDTesting" time="1.162">
    <system-out><![CDATA[HTTP/1.1 200 OK
Date: Tue, 01 Aug 2023 09:27:48 GMT
Content-Type: application/json
Transfer-Encoding: chunked
Connection: keep-alive
Access-Control-Allow-Origin: *
Access-Control-Allow-Methods: GET, POST, DELETE, PUT
Access-Control-Allow-Headers: Content-Type, api_key, Authorization
Server: Jetty(9.2.9.v20150224)

{
    "id": 1010,
    "username": "testuser1",
    "firstName": "John",
    "lastName": "Canedy",
    "email": "a@gmail.com",
    "password": "test@1",
    "phone": "1234567897",
    "userStatus": 0
}
]]></system-out>
  </testcase>
  <testcase name="getuser[testuser2](2)" classname="apitest.DDTesting" time="1.188">
    <system-out><![CDATA[HTTP/1.1 200 OK
Date: Tue, 01 Aug 2023 09:27:50 GMT
Content-Type: application/json
Transfer-Encoding: chunked
Connection: keep-alive
Access-Control-Allow-Origin: *
Access-Control-Allow-Methods: GET, POST, DELETE, PUT
Access-Control-Allow-Headers: Content-Type, api_key, Authorization
Server: Jetty(9.2.9.v20150224)

{
    "id": 1020,
    "username": "testuser2",
    "firstName": "Kim",
    "lastName": "Kom",
    "email": "b@gmail.com",
    "password": "test@2",
    "phone": "1234567897",
    "userStatus": 0
}
]]></system-out>
  </testcase>
  <testcase name="getuser[testuser3](3)" classname="apitest.DDTesting" time="1.207">
    <system-out><![CDATA[HTTP/1.1 200 OK
Date: Tue, 01 Aug 2023 09:27:51 GMT
Content-Type: application/json
Transfer-Encoding: chunked
Connection: keep-alive
Access-Control-Allow-Origin: *
Access-Control-Allow-Methods: GET, POST, DELETE, PUT
Access-Control-Allow-Headers: Content-Type, api_key, Authorization
Server: Jetty(9.2.9.v20150224)

{
    "id": 1030,
    "username": "testuser3",
    "firstName": "Smith",
    "lastName": "Steve",
    "email": "c@gmail.com",
    "password": "test@3",
    "phone": "1234567897",
    "userStatus": 0
}
]]></system-out>
  </testcase>
</testsuite>