<?xml version="1.0" encoding="UTF-8"?>
<testng-results ignored="0" total="11" passed="11" failed="0" skipped="0">
  <reporter-output>
  </reporter-output>
  <suite started-at="2023-08-01T11:07:27 IST" name="Suite" finished-at="2023-08-01T11:07:48 IST" duration-ms="20976">
    <groups>
    </groups>
    <test started-at="2023-08-01T11:07:27 IST" name="Test" finished-at="2023-08-01T11:07:48 IST" duration-ms="20976">
      <class name="apitest.DDTesting">
        <test-method signature="testpostuser(java.lang.String,java.lang.String,java.lang.String,java.lang.String,java.lang.String,java.lang.String,java.lang.String)[pri:1, instance:apitest.DDTesting@272113c4]" started-at="2023-08-01T11:07:40 IST" name="testpostuser" data-provider="Data" finished-at="2023-08-01T11:07:41 IST" duration-ms="1261" status="PASS">
          <params>
            <param index="0">
              <value>
                <![CDATA[1010]]>
              </value>
            </param>
            <param index="1">
              <value>
                <![CDATA[testuser1]]>
              </value>
            </param>
            <param index="2">
              <value>
                <![CDATA[John]]>
              </value>
            </param>
            <param index="3">
              <value>
                <![CDATA[Canedy]]>
              </value>
            </param>
            <param index="4">
              <value>
                <![CDATA[a@gmail.com]]>
              </value>
            </param>
            <param index="5">
              <value>
                <![CDATA[test@1]]>
              </value>
            </param>
            <param index="6">
              <value>
                <![CDATA[1234567897]]>
              </value>
            </param>
          </params>
          <reporter-output>
          </reporter-output>
        </test-method> <!-- testpostuser -->
        <test-method signature="testpostuser(java.lang.String,java.lang.String,java.lang.String,java.lang.String,java.lang.String,java.lang.String,java.lang.String)[pri:1, instance:apitest.DDTesting@272113c4]" started-at="2023-08-01T11:07:41 IST" name="testpostuser" data-provider="Data" finished-at="2023-08-01T11:07:42 IST" duration-ms="1226" status="PASS">
          <params>
            <param index="0">
              <value>
                <![CDATA[1020]]>
              </value>
            </param>
            <param index="1">
              <value>
                <![CDATA[testuser2]]>
              </value>
            </param>
            <param index="2">
              <value>
                <![CDATA[Kim]]>
              </value>
            </param>
            <param index="3">
              <value>
                <![CDATA[Kom]]>
              </value>
            </param>
            <param index="4">
              <value>
                <![CDATA[b@gmail.com]]>
              </value>
            </param>
            <param index="5">
              <value>
                <![CDATA[test@2]]>
              </value>
            </param>
            <param index="6">
              <value>
                <![CDATA[1234567897]]>
              </value>
            </param>
          </params>
          <reporter-output>
          </reporter-output>
        </test-method> <!-- testpostuser -->
        <test-method signature="testpostuser(java.lang.String,java.lang.String,java.lang.String,java.lang.String,java.lang.String,java.lang.String,java.lang.String)[pri:1, instance:apitest.DDTesting@272113c4]" started-at="2023-08-01T11:07:42 IST" name="testpostuser" data-provider="Data" finished-at="2023-08-01T11:07:44 IST" duration-ms="1207" status="PASS">
          <params>
            <param index="0">
              <value>
                <![CDATA[1030]]>
              </value>
            </param>
            <param index="1">
              <value>
                <![CDATA[testuser3]]>
              </value>
            </param>
            <param index="2">
              <value>
                <![CDATA[Smith]]>
              </value>
            </param>
            <param index="3">
              <value>
                <![CDATA[Steve]]>
              </value>
            </param>
            <param index="4">
              <value>
                <![CDATA[c@gmail.com]]>
              </value>
            </param>
            <param index="5">
              <value>
                <![CDATA[test@3]]>
              </value>
            </param>
            <param index="6">
              <value>
                <![CDATA[1234567897]]>
              </value>
            </param>
          </params>
          <reporter-output>
          </reporter-output>
        </test-method> <!-- testpostuser -->
        <test-method signature="getuser(java.lang.String)[pri:2, instance:apitest.DDTesting@272113c4]" started-at="2023-08-01T11:07:44 IST" name="getuser" data-provider="UserNames" finished-at="2023-08-01T11:07:45 IST" duration-ms="1245" status="PASS">
          <params>
            <param index="0">
              <value>
                <![CDATA[testuser1]]>
              </value>
            </param>
          </params>
          <reporter-output>
          </reporter-output>
        </test-method> <!-- getuser -->
        <test-method signature="getuser(java.lang.String)[pri:2, instance:apitest.DDTesting@272113c4]" started-at="2023-08-01T11:07:45 IST" name="getuser" data-provider="UserNames" finished-at="2023-08-01T11:07:46 IST" duration-ms="1154" status="PASS">
          <params>
            <param index="0">
              <value>
                <![CDATA[testuser2]]>
              </value>
            </param>
          </params>
          <reporter-output>
          </reporter-output>
        </test-method> <!-- getuser -->
        <test-method signature="getuser(java.lang.String)[pri:2, instance:apitest.DDTesting@272113c4]" started-at="2023-08-01T11:07:46 IST" name="getuser" data-provider="UserNames" finished-at="2023-08-01T11:07:48 IST" duration-ms="1316" status="PASS">
          <params>
            <param index="0">
              <value>
                <![CDATA[testuser3]]>
              </value>
            </param>
          </params>
          <reporter-output>
          </reporter-output>
        </test-method> <!-- getuser -->
      </class> <!-- apitest.DDTesting -->
      <class name="apitest.Usertest">
        <test-method is-config="true" signature="setupdata()[pri:0, instance:apitest.Usertest@506ae4d4]" started-at="2023-08-01T11:07:27 IST" name="setupdata" finished-at="2023-08-01T11:07:28 IST" duration-ms="446" status="PASS">
          <reporter-output>
          </reporter-output>
        </test-method> <!-- setupdata -->
        <test-method signature="postTestcase()[pri:1, instance:apitest.Usertest@506ae4d4]" started-at="2023-08-01T11:07:28 IST" name="postTestcase" finished-at="2023-08-01T11:07:32 IST" duration-ms="4578" status="PASS">
          <reporter-output>
          </reporter-output>
        </test-method> <!-- postTestcase -->
        <test-method signature="gettestcase()[pri:2, instance:apitest.Usertest@506ae4d4]" started-at="2023-08-01T11:07:33 IST" name="gettestcase" finished-at="2023-08-01T11:07:34 IST" duration-ms="1278" status="PASS">
          <reporter-output>
          </reporter-output>
        </test-method> <!-- gettestcase -->
        <test-method signature="puttestcase()[pri:3, instance:apitest.Usertest@506ae4d4]" started-at="2023-08-01T11:07:34 IST" name="puttestcase" finished-at="2023-08-01T11:07:35 IST" duration-ms="1276" status="PASS">
          <reporter-output>
          </reporter-output>
        </test-method> <!-- puttestcase -->
        <test-method signature="getingupdateddata()[pri:4, instance:apitest.Usertest@506ae4d4]" started-at="2023-08-01T11:07:35 IST" name="getingupdateddata" finished-at="2023-08-01T11:07:36 IST" duration-ms="1236" status="PASS">
          <reporter-output>
          </reporter-output>
        </test-method> <!-- getingupdateddata -->
        <test-method signature="daletetestcase()[pri:5, instance:apitest.Usertest@506ae4d4]" started-at="2023-08-01T11:07:36 IST" name="daletetestcase" finished-at="2023-08-01T11:07:38 IST" duration-ms="1205" status="PASS">
          <reporter-output>
          </reporter-output>
        </test-method> <!-- daletetestcase -->
      </class> <!-- apitest.Usertest -->
    </test> <!-- Test -->
  </suite> <!-- Suite -->
</testng-results>
